00:00:00.004581 main     VirtualBox COM Server 7.0.8 r156879 win.amd64 (Apr 17 2023 16:42:53) release log
00:00:00.004583 main     Log opened 2023-04-25T06:04:23.092736000Z
00:00:00.004584 main     Build Type: release
00:00:00.004605 main     OS Product: Windows 11
00:00:00.004605 main     OS Release: 10.0.23440
00:00:00.004606 main     OS Service Pack: 
00:00:00.033762 main     DMI Product Name: HP Laptop 15-dy2xxx
00:00:00.045149 main     DMI Product Version:  
00:00:00.045178 main     Firmware type: UEFI
00:00:00.045671 main     Secure Boot: Enabled
00:00:00.045723 main     Host RAM: 7834MB (7.6GB) total, 2368MB (2.3GB) available
00:00:00.045750 main     Executable: C:\Program Files\Oracle\VirtualBox\VBoxSVC.exe
00:00:00.045751 main     Process ID: 18164
00:00:00.045751 main     Package type: WINDOWS_64BITS_GENERIC
00:00:00.195160          VirtualBox: object creation starts
00:00:00.195556          Home directory: 'C:\Users\housm\.VirtualBox'
00:00:00.195921          Installed Drivers:
00:00:00.200075            C:\WINDOWS\system32\DRIVERS\VBoxSup.sys (Version: 7.0.8.6879)
00:00:00.200400            C:\WINDOWS\system32\DRIVERS\VBoxUSBMon.sys (Version: 7.0.8.6879)
00:00:00.200696            C:\WINDOWS\system32\DRIVERS\VBoxNetAdp6.sys (Version: 7.0.8.6879)
00:00:00.200962            C:\WINDOWS\system32\DRIVERS\VBoxNetLwf.sys (Version: 7.0.8.6879)
00:00:00.203815          usbLibGetDevices: Starting USB device enumeration
00:00:00.224960          Getting USB descriptor (id 0) failed (dwErr=31) on hub USB#ROOT_HUB30#4&300143a6&0&0#{f18a0e88-c30c-11d0-8815-00a0c906bed8} port 3
00:00:00.225049          Getting USB descriptor (id 0) failed (dwErr=31) on hub USB#ROOT_HUB30#4&300143a6&0&0#{f18a0e88-c30c-11d0-8815-00a0c906bed8} port 10
00:00:00.227294          usbLibGetDevices: Found 2 USB devices, 0 captured
00:00:00.227534          USB: Unknown USB device detected (idVendor: 0x04f2, idProduct: 0xb6f1)
00:00:00.227746          USB: Unknown USB device detected (idVendor: 0x13d3, idProduct: 0x3567)
00:00:00.375933          netIfIsWireless: CreateFile on '\\.\{7B615F93-D5D3-4795-B7FD-8A352E4A5A4B}' failed with rcWin=2 (0x2) - ignoring
00:00:00.381534          HostDnsMonitor: initializing
00:00:00.389471          HostDnsMonitor: updating information
00:00:00.389512          HostDnsMonitor: old information
00:00:00.389513            no server entries
00:00:00.389513            no domain set
00:00:00.389513            no search string entries
00:00:00.389514          HostDnsMonitor: new information
00:00:00.389514            server 1: 192.168.1.1
00:00:00.389514            domain: RAC2V1A
00:00:00.389515            no search string entries
00:00:00.395619          VD: VDInit finished with VINF_SUCCESS
00:00:00.397537          VirtualBox: object created
00:00:00.442183          Saving settings file "C:\Users\housm\.VirtualBox\VirtualBox.xml" with version "1.12-windows"
00:00:00.445421          Finished saving settings file "C:\Users\housm\.VirtualBox\VirtualBox.xml"
00:00:00.445697          Saving settings file "C:\Users\housm\.VirtualBox\VirtualBox.xml" with version "1.12-windows"
00:00:00.448019          Finished saving settings file "C:\Users\housm\.VirtualBox\VirtualBox.xml"
00:00:00.448375          Saving settings file "C:\Users\housm\.VirtualBox\VirtualBox.xml" with version "1.12-windows"
00:00:00.450609          Finished saving settings file "C:\Users\housm\.VirtualBox\VirtualBox.xml"
00:00:00.853597          Saving settings file "C:\Users\housm\.VirtualBox\VirtualBox.xml" with version "1.12-windows"
00:00:00.855759          Finished saving settings file "C:\Users\housm\.VirtualBox\VirtualBox.xml"
00:00:01.859165          Saving settings file "C:\Users\housm\.VirtualBox\VirtualBox.xml" with version "1.12-windows"
00:00:01.862177          Finished saving settings file "C:\Users\housm\.VirtualBox\VirtualBox.xml"
00:00:02.233926          Saving settings file "C:\Users\housm\.VirtualBox\VirtualBox.xml" with version "1.12-windows"
00:00:02.239716          Finished saving settings file "C:\Users\housm\.VirtualBox\VirtualBox.xml"
00:00:13.138912 UpdateAgentTask Saving settings file "C:\Users\housm\.VirtualBox\VirtualBox.xml" with version "1.12-windows"
00:00:13.145034 UpdateAgentTask Finished saving settings file "C:\Users\housm\.VirtualBox\VirtualBox.xml"
00:00:13.943866          Saving settings file "C:\Users\housm\.VirtualBox\VirtualBox.xml" with version "1.12-windows"
00:00:13.948123          Finished saving settings file "C:\Users\housm\.VirtualBox\VirtualBox.xml"
00:00:13.948784          Saving settings file "C:\Users\housm\.VirtualBox\VirtualBox.xml" with version "1.12-windows"
00:00:13.952866          Finished saving settings file "C:\Users\housm\.VirtualBox\VirtualBox.xml"
00:00:13.953275          Saving settings file "C:\Users\housm\.VirtualBox\VirtualBox.xml" with version "1.12-windows"
00:00:13.957479          Finished saving settings file "C:\Users\housm\.VirtualBox\VirtualBox.xml"
00:00:27.109556 main     VirtualBox: object deletion starts
00:00:27.111473 main     HostDnsMonitor: shutting down ...
00:00:27.111723 main     HostDnsMonitor: shut down
00:00:27.123349 Watcher  ERROR [COM]: aRC=E_ACCESSDENIED (0x80070005) aIID={7682d5eb-f00e-44f1-8ca2-99d08b1cd607} aComponent={VirtualBoxWrap} aText={The object is not ready}, preserve=false aResultDetail=0
00:00:27.124032 main     VirtualBox: object deleted
